TN:
SF:analizeArray.js
FN:1,analizeArray
FN:3,(anonymous_1)
FNF:2
FNH:2
FNDA:1,analizeArray
FNDA:9,(anonymous_1)
DA:2,1
DA:3,9
DA:10,1
LF:3
LH:3
BRF:0
BRH:0
end_of_record
TN:
SF:calculator.js
FN:2,(anonymous_0)
FN:6,(anonymous_1)
FN:9,(anonymous_2)
FN:12,(anonymous_3)
FNF:4
FNH:4
FNDA:3,(anonymous_0)
FNDA:1,(anonymous_1)
FNDA:1,(anonymous_2)
FNDA:1,(anonymous_3)
DA:3,3
DA:4,3
DA:7,1
DA:10,1
DA:13,1
DA:17,1
LF:6
LH:6
BRF:0
BRH:0
end_of_record
TN:
SF:capitalize.js
FN:1,capitalize
FNF:1
FNH:1
FNDA:2,capitalize
DA:2,2
DA:3,1
DA:5,1
DA:8,1
LF:4
LH:4
BRDA:2,0,0,1
BRDA:2,0,1,1
BRF:2
BRH:2
end_of_record
TN:
SF:cipher.js
FN:1,cipher
FNF:1
FNH:1
FNDA:1,cipher
DA:2,1
DA:3,1
DA:4,6
DA:5,6
DA:7,6
DA:8,6
DA:9,6
DA:11,0
DA:14,1
DA:17,1
LF:10
LH:9
BRDA:4,0,0,6
BRDA:4,0,1,0
BRF:2
BRH:1
end_of_record
TN:
SF:reverse.js
FN:1,reverse
FNF:1
FNH:1
FNDA:1,reverse
DA:2,1
DA:3,1
DA:4,1
DA:5,6
DA:6,6
DA:8,1
DA:11,1
LF:7
LH:7
BRF:0
BRH:0
end_of_record
